<?xml version="1.0" encoding="UTF-8"?>
<!-- Generated by org.testng.reporters.JUnitReportReporter -->
<testsuite hostname="DESKTOP-NLBDVQL" failures="0" tests="2" name="tests.Alomosafer_Tests" time="6.778" errors="0" timestamp="2023-11-03T20:57:21 EET" skipped="0">
  <testcase classname="tests.Alomosafer_Tests" name="testPOSTRequestWithResponseFromBody" time="1.593"/>
  <testcase classname="tests.Alomosafer_Tests" name="testGETRequest" time="5.185"/>
</testsuite> <!-- tests.Alomosafer_Tests -->
