<?xml version="1.0" encoding="UTF-8"?>
<!-- Generated by org.testng.reporters.JUnitReportReporter -->
<testsuite hostname="DESKTOP-NLBDVQL" failures="0" tests="2" name="tests.Alomosafer_Test_Suite" time="7.683" errors="0" timestamp="2023-11-03T20:53:04 EET" skipped="0">
  <testcase classname="tests.Alomosafer_Test_Suite" name="testPOSTRequestWithResponseFromBody" time="1.561"/>
  <testcase classname="tests.Alomosafer_Test_Suite" name="testGETRequest" time="6.122"/>
</testsuite> <!-- tests.Alomosafer_Test_Suite -->
