<?xml version="1.0" encoding="UTF-8"?>
<!-- Generated by org.testng.reporters.JUnitReportReporter -->
<testsuite hostname="DESKTOP-NLBDVQL" failures="0" tests="1" name="tests.POST_TRIP_INFO" time="3.729" errors="0" timestamp="2023-11-03T20:21:17 EET" skipped="0">
  <testcase classname="tests.POST_TRIP_INFO" name="testPOSTRequestWithResponseFromBody" time="3.729"/>
</testsuite> <!-- tests.POST_TRIP_INFO -->
