<?xml version="1.0" encoding="UTF-8"?>
<!-- Generated by org.testng.reporters.JUnitReportReporter -->
<testsuite hostname="DESKTOP-NLBDVQL" failures="0" tests="1" name="tests.GET_Trip_info" time="2.709" errors="0" timestamp="2023-11-02T21:05:42 EET" skipped="0">
  <testcase classname="tests.GET_Trip_info" name="testGETRequest" time="2.709"/>
</testsuite> <!-- tests.GET_Trip_info -->
