<?xml version="1.0" encoding="UTF-8"?>
<!-- Generated by org.testng.reporters.JUnitReportReporter -->
<testsuite hostname="DESKTOP-NLBDVQL" failures="0" tests="2" name="tests.GET_Trip_info" time="4.263" errors="0" timestamp="2023-11-03T20:51:23 EET" skipped="0">
  <testcase classname="tests.GET_Trip_info" name="testGETRequest" time="2.383"/>
  <testcase classname="tests.GET_Trip_info" name="testPOSTRequestWithResponseFromBody" time="1.880"/>
</testsuite> <!-- tests.GET_Trip_info -->
